<?xml version="1.0" encoding="UTF-8"?>
<!-- Generated by org.testng.reporters.JUnitXMLReporter -->
<testsuite ignored="0" hostname="LAPTOP-O1ONHJO3" failures="0" tests="10" name="Test" time="0.091" errors="0" timestamp="2023-01-17T05:52:34 IST">
  <testcase classname="com.sample.testng.DependsOnAndDescription" name="cart" time="0.011"/>
  <testcase classname="com.sample.testng.DependsOnAndDescription" name="signIn" time="0.002"/>
  <testcase classname="com.sample.testng.DependsOnAndDescription" name="buyProduct" time="0.001"/>
  <testcase classname="com.sample.testng.Priority" name="testInp" time="0.001"/>
  <testcase classname="com.sample.testng.Priority" name="testIn" time="0.001"/>
  <testcase classname="com.sample.testng.Priority" name="testdsec" time="0.002"/>
  <testcase classname="com.sample.testng.Priority" name="testss" time="0.002"/>
  <testcase classname="com.sample.testng.Priority" name="testig" time="0.002"/>
  <testcase classname="com.sample.testng.Priority" name="testout" time="0.001"/>
  <testcase classname="com.sample.testng.Priority" name="testsample" time="0.002"/>
</testsuite> <!-- Test -->
