<?xml version="1.0" encoding="UTF-8"?>
<testng-results ignored="0" total="1" passed="1" failed="0" skipped="0">
  <reporter-output>
  </reporter-output>
  <suite started-at="2023-01-18T23:18:01 IST" name="Default suite" finished-at="2023-01-18T23:18:01 IST" duration-ms="153">
    <groups>
    </groups>
    <test started-at="2023-01-18T23:18:01 IST" name="Default test" finished-at="2023-01-18T23:18:01 IST" duration-ms="153">
      <class name="com.sample.testng.SampleTestNG">
        <test-method is-config="true" signature="beforeSuite()[pri:0, instance:com.sample.testng.SampleTestNG@4d0f2471]" started-at="2023-01-18T23:18:01 IST" name="beforeSuite" finished-at="2023-01-18T23:18:01 IST" duration-ms="23" status="PASS">
          <reporter-output>
          </reporter-output>
        </test-method> <!-- beforeSuite -->
        <test-method is-config="true" signature="beforeClass()[pri:0, instance:com.sample.testng.SampleTestNG@4d0f2471]" started-at="2023-01-18T23:18:01 IST" name="beforeClass" finished-at="2023-01-18T23:18:01 IST" duration-ms="1" status="PASS">
          <reporter-output>
          </reporter-output>
        </test-method> <!-- beforeClass -->
        <test-method is-config="true" signature="beforeMethod()[pri:0, instance:com.sample.testng.SampleTestNG@4d0f2471]" started-at="2023-01-18T23:18:01 IST" name="beforeMethod" finished-at="2023-01-18T23:18:01 IST" duration-ms="0" status="PASS">
          <reporter-output>
          </reporter-output>
        </test-method> <!-- beforeMethod -->
        <test-method signature="testMethod()[pri:0, instance:com.sample.testng.SampleTestNG@4d0f2471]" started-at="2023-01-18T23:18:01 IST" name="testMethod" finished-at="2023-01-18T23:18:01 IST" duration-ms="10" status="PASS">
          <reporter-output>
          </reporter-output>
        </test-method> <!-- testMethod -->
        <test-method is-config="true" signature="afterMethod()[pri:0, instance:com.sample.testng.SampleTestNG@4d0f2471]" started-at="2023-01-18T23:18:01 IST" name="afterMethod" finished-at="2023-01-18T23:18:01 IST" duration-ms="2" status="PASS">
          <reporter-output>
          </reporter-output>
        </test-method> <!-- afterMethod -->
        <test-method is-config="true" signature="afterClass()[pri:0, instance:com.sample.testng.SampleTestNG@4d0f2471]" started-at="2023-01-18T23:18:01 IST" name="afterClass" finished-at="2023-01-18T23:18:01 IST" duration-ms="1" status="PASS">
          <reporter-output>
          </reporter-output>
        </test-method> <!-- afterClass -->
        <test-method is-config="true" signature="aftersuite()[pri:0, instance:com.sample.testng.SampleTestNG@4d0f2471]" started-at="2023-01-18T23:18:01 IST" name="aftersuite" finished-at="2023-01-18T23:18:01 IST" duration-ms="1" status="PASS">
          <reporter-output>
          </reporter-output>
        </test-method> <!-- aftersuite -->
      </class> <!-- com.sample.testng.SampleTestNG -->
    </test> <!-- Default test -->
  </suite> <!-- Default suite -->
</testng-results>
